<?xml version="1.0" encoding="UTF-8"?>
<!-- Generated by org.testng.reporters.JUnitReportReporter -->
<testsuite hostname="CPDK217" failures="0" tests="3" name="com.APItest.LoginandRegistrationApiTest" time="4.626" errors="0" timestamp="2024-11-22T16:46:24 IST" skipped="0">
  <testcase classname="com.APItest.LoginandRegistrationApiTest" name="testPost" time="1.011"/>
  <testcase classname="com.APItest.LoginandRegistrationApiTest" name="GET_LoginPage" time="3.462"/>
  <testcase classname="com.APItest.LoginandRegistrationApiTest" name="GET_Student_registration" time="0.153"/>
</testsuite> <!-- com.APItest.LoginandRegistrationApiTest -->
