<?xml version="1.0" encoding="UTF-8"?>
<!-- Generated by org.testng.reporters.JUnitReportReporter -->
<testsuite hostname="CPDK217" failures="0" tests="2" name="com.APItest.TestQuizAppwithAssertion" time="6.446" errors="0" timestamp="2024-11-22T17:41:24 IST" skipped="0">
  <testcase classname="com.APItest.TestQuizAppwithAssertion" name="test_2" time="2.560"/>
  <testcase classname="com.APItest.TestQuizAppwithAssertion" name="test_1" time="3.886"/>
</testsuite> <!-- com.APItest.TestQuizAppwithAssertion -->
