<?xml version="1.0" encoding="UTF-8"?>
<!-- Generated by org.testng.reporters.JUnitReportReporter -->
<testsuite hostname="CPDK217" failures="0" tests="1" name="Tests.BaseClass" time="0.032" errors="0" timestamp="2024-12-19T15:28:23 IST" skipped="0">
  <testcase classname="Tests.BaseClass" name="testExample" time="0.032"/>
  <system-out/>
</testsuite> <!-- Tests.BaseClass -->
