<?xml version="1.0" encoding="UTF-8"?>
<!-- Generated by org.testng.reporters.JUnitReportReporter -->
<testsuite hostname="CPDK217" failures="0" tests="3" name="StepDefinition.CucumberTestRunner" time="44.467" errors="0" timestamp="2024-12-20T12:42:28 IST" skipped="0">
  <testcase classname="StepDefinition.CucumberTestRunner" name="runScenario" time="18.991"/>
  <system-out/>
  <testcase classname="StepDefinition.CucumberTestRunner" name="runScenario" time="12.845"/>
  <system-out/>
  <testcase classname="StepDefinition.CucumberTestRunner" name="runScenario" time="12.631"/>
  <system-out/>
</testsuite> <!-- StepDefinition.CucumberTestRunner -->
